{
  "RSpec": {
    "coverage": {
      "/indicaAi/spec/controllers/locals_controller_spec.rb": [
        1,
        null,
        1,
        null
      ],
      "/indicaAi/spec/rails_helper.rb": [
        null,
        1,
        1,
        1,
        null,
        1,
        1,
        null,
        null,
        1,
        null,
        1,
        1,
        null,
        null,
        null,
        null,
        null,
        null,
        null,
        null,
        null,
        null,
        null,
        null,
        null,
        null,
        null,
        null,
        null,
        null,
        1,
        1,
        null,
        0,
        0,
        null,
        null,
        null,
        1,
        1,
        1,
        1,
        null,
        null,
        null,
        2,
        null,
        1,
        null,
        1,
        null,
        null,
        null,
        null,
        1,
        null,
        null,
        null,
        null,
        null,
        null,
        null,
        null,
        null,
        null,
        null,
        null,
        null,
        null,
        1,
        null,
        null,
        1,
        null,
        null,
        null,
        1,
        null,
        null,
        1,
        null,
        null,
        1,
        1,
        1,
        null,
        null,
        null,
        1,
        6,
        6,
        null,
        null,
        null
      ],
      "/indicaAi/config/environment.rb": [
        null,
        1,
        null,
        null,
        1
      ],
      "/indicaAi/config/application.rb": [
        1,
        null,
        1,
        null,
        1,
        1,
        1,
        1,
        1,
        1,
        1,
        null,
        1,
        null,
        null,
        null,
        1,
        null,
        1,
        1,
        null,
        1,
        null,
        null,
        null,
        null,
        null,
        null,
        null,
        null,
        1,
        null,
        null
      ],
      "/indicaAi/config/boot.rb": [
        1,
        null,
        1
      ],
      "/indicaAi/config/environments/test.rb": [
        1,
        null,
        null,
        null,
        null,
        null,
        null,
        1,
        null,
        null,
        null,
        null,
        1,
        null,
        null,
        1,
        1,
        null,
        null,
        null,
        null,
        1,
        1,
        null,
        null,
        1,
        null,
        null,
        1,
        1,
        null,
        null,
        null,
        null,
        1,
        null,
        null,
        1,
        null,
        null,
        null,
        null
      ],
      "/indicaAi/config/initializers/application_controller_renderer.rb": [
        null,
        null,
        null,
        null,
        null,
        null,
        null,
        null
      ],
      "/indicaAi/config/initializers/backtrace_silencers.rb": [
        null,
        null,
        null,
        null,
        null,
        null,
        null
      ],
      "/indicaAi/config/initializers/cors.rb": [
        null,
        null,
        null,
        null,
        null,
        null,
        null,
        null,
        null,
        null,
        null,
        null,
        null,
        null,
        null,
        null
      ],
      "/indicaAi/config/initializers/filter_parameter_logging.rb": [
        null,
        null,
        null,
        1
      ],
      "/indicaAi/config/initializers/inflections.rb": [
        null,
        null,
        null,
        null,
        null,
        null,
        null,
        null,
        null,
        null,
        null,
        null,
        null,
        null,
        null,
        null
      ],
      "/indicaAi/config/initializers/mime_types.rb": [
        null,
        null,
        null,
        null
      ],
      "/indicaAi/config/initializers/wrap_parameters.rb": [
        null,
        null,
        null,
        null,
        null,
        null,
        1,
        2,
        null,
        null,
        null,
        null,
        null,
        null
      ],
      "/indicaAi/spec/factories/local.rb": [
        null,
        1,
        1,
        21,
        21,
        null,
        null
      ],
      "/indicaAi/spec/factories/user_identifier.rb": [
        1,
        1,
        21,
        null,
        null
      ],
      "/indicaAi/config/routes.rb": [
        1,
        null,
        1,
        1,
        1,
        1,
        null
      ],
      "/indicaAi/spec/support/request_spec_helper.rb": [
        null,
        1,
        null,
        1,
        4,
        null,
        null
      ],
      "/indicaAi/app/controllers/locals_controller.rb": [
        null,
        1,
        null,
        1,
        2,
        2,
        null,
        null,
        null,
        1,
        0,
        0,
        null,
        null
      ],
      "/indicaAi/app/controllers/application_controller.rb": [
        null,
        1,
        1,
        1,
        null
      ],
      "/indicaAi/app/controllers/concerns/response.rb": [
        null,
        1,
        1,
        4,
        null,
        null
      ],
      "/indicaAi/app/controllers/concerns/exception_handler.rb": [
        null,
        1,
        null,
        1,
        null,
        1,
        1,
        0,
        null,
        null,
        1,
        0,
        null,
        null,
        null
      ],
      "/indicaAi/spec/controllers/user_identifiers_controller_spec.rb": [
        1,
        null,
        1,
        null,
        null
      ],
      "/indicaAi/app/controllers/user_identifiers_controller.rb": [
        null,
        1,
        null,
        1,
        2,
        2,
        null,
        null,
        null,
        1,
        0,
        0,
        null,
        null
      ],
      "/indicaAi/spec/models/local_spec.rb": [
        1,
        null,
        1,
        2,
        null
      ],
      "/indicaAi/app/models/local.rb": [
        null,
        1,
        1,
        1,
        1,
        0,
        null,
        null
      ],
      "/indicaAi/app/models/application_record.rb": [
        null,
        1,
        1,
        null
      ],
      "/indicaAi/spec/models/user_identifier_spec.rb": [
        1,
        null,
        1,
        2,
        null
      ],
      "/indicaAi/app/models/user_identifier.rb": [
        null,
        1,
        1,
        1,
        0,
        null,
        null
      ],
      "/indicaAi/spec/requests/locals_spec.rb": [
        null,
        1,
        null,
        1,
        3,
        1,
        null,
        1,
        null,
        3,
        null,
        1,
        1,
        1,
        null,
        null,
        1,
        1,
        null,
        null,
        null
      ],
      "/indicaAi/spec/requests/user_identifiers_spec.rb": [
        null,
        1,
        null,
        1,
        3,
        1,
        null,
        null,
        1,
        null,
        3,
        null,
        1,
        1,
        1,
        null,
        null,
        1,
        1,
        null,
        null,
        null
      ]
    },
    "timestamp": 1537022286
  }
}
